131383 lui 2 131072
67113199 jal 1,4164
4261478675 addi 2 2,4294967264
1125923 sw 2,28 1
8465443 sw 2,24 8
9513507 sw 2,20 9
5175 lui 8 4096
436471699 addi 15 8,416
499747 sw 15,0 0
1050387 addi 14 0,1
14753827 sw 2,0 14
500259 sw 15,4 0
2098963 addi 14 0,2
14754339 sw 2,4 14
500771 sw 15,8 0
3147539 addi 14 0,3
14754851 sw 2,8 14
501283 sw 15,12 0
4196243 addi 15 0,4
15803939 sw 2,12 15
436470803 addi 8 8,416
17040531 addi 9 8,16
271619 lw 10 8,0
4137677039 jal 1,4096
5943 lui 14 4096
453453699 lw 15 14,432
16074035 xor 10 10,15
181732627 addi 10 10,173
447162403 sw 14,432 10
32871 jalr 0,4252
4457491 addi 8 8,4
4271119075 bne 8,9,4244
271619 lw 10 8,0
4137677039 jal 1,4096
5943 lui 14 4096
453453699 lw 15 14,432
16074035 xor 10 10,15
181732627 addi 10 10,173
447162403 sw 14,432 10
32871 jalr 0,4252
4457491 addi 8 8,4
4271119075 bne 8,9,4244
271619 lw 10 8,0
4137677039 jal 1,4096
5943 lui 14 4096
453453699 lw 15 14,432
16074035 xor 10 10,15
181732627 addi 10 10,173
447162403 sw 14,432 10
32871 jalr 0,4252
4457491 addi 8 8,4
4271119075 bne 8,9,4244
271619 lw 10 8,0
4137677039 jal 1,4096
5943 lui 14 4096
453453699 lw 15 14,432
16074035 xor 10 10,15
181732627 addi 10 10,173
447162403 sw 14,432 10
32871 jalr 0,4252
4457491 addi 8 8,4
4271119075 bne 8,9,4256
1049875 addi 10 0,1
4120899823 jal 1,4096
5943 lui 14 4096
453453699 lw 15 14,432
16074035 xor 10 10,15
181732627 addi 10 10,173
447162403 sw 14,432 10
32871 jalr 0,4268
2098451 addi 10 0,2
4112511215 jal 1,4096
5943 lui 14 4096
453453699 lw 15 14,432
16074035 xor 10 10,15
181732627 addi 10 10,173
447162403 sw 14,432 10
32871 jalr 0,4276
3147027 addi 10 0,3
4104122607 jal 1,4096
5943 lui 14 4096
453453699 lw 15 14,432
16074035 xor 10 10,15
181732627 addi 10 10,173
447162403 sw 14,432 10
32871 jalr 0,4284
4195603 addi 10 0,4
4095733999 jal 1,4096
5943 lui 14 4096
453453699 lw 15 14,432
16074035 xor 10 10,15
181732627 addi 10 10,173
447162403 sw 14,432 10
32871 jalr 0,4292
265291155 addi 11 0,253
6071 lui 15 4096
453485827 lw 10 15,432
163578095 jal 1,4460
33427 addi 5 1,0
379491 blt 11,0,4464
347235 blt 10,0,4468
4154454255 jal 1,4336
362003 addi 12 11,0
329107 addi 11 10,0
4293920019 addi 10 0,4294967295
33950819 beq 12,0,4348
1050259 addi 13 0,1
11958883 bgeu 12,11,4356
12605539 bge 0,12,4360
1447443 slli 12 12,1
1480339 slli 13 13,1
4273367779 bltu 12,11,4360
12605539 bge 0,12,4360
1447443 slli 12 12,1
1480339 slli 13 13,1
4273367779 bltu 12,11,4360
12605539 bge 0,12,4360
1447443 slli 12 12,1
1480339 slli 13 13,1
4273367779 bltu 12,11,4372
1299 addi 10 0,0
12969571 bltu 11,12,4392
1496723 srli 13 13,1
1463827 srli 12 12,1
4261844707 bne 13,0,4380
12969571 bltu 11,12,4380
1086686643 sub 11 11,12
13985075 or 10 10,13
1496723 srli 13 13,1
1463827 srli 12 12,1
4261844707 bne 13,0,4380
12969571 bltu 11,12,4392
1496723 srli 13 13,1
1463827 srli 12 12,1
4261844707 bne 13,0,4380
12969571 bltu 11,12,4380
1086686643 sub 11 11,12
13985075 or 10 10,13
1496723 srli 13 13,1
1463827 srli 12 12,1
4261844707 bne 13,0,4400
32871 jalr 0,4476
361747 addi 10 11,0
163943 jalr 0,4308
29433987 lw 1 2,28
25240579 lw 8 2,24
21046403 lw 9 2,20
33620243 addi 2 2,32
32871 jalr 0,8
123
