131383
67113199
4261478675
1125923
8465443
9513507
5175
436471699
499747
1050387
14753827
500259
2098963
14754339
500771
3147539
14754851
501283
4196243
15803939
436470803
17040531
271619
4137677039
5943
453453699
16074035
181732627
447162403
32871
4457491
4271119075
271619
4137677039
5943
453453699
16074035
181732627
447162403
32871
4457491
4271119075
271619
4137677039
5943
453453699
16074035
181732627
447162403
32871
4457491
4271119075
271619
4137677039
5943
453453699
16074035
181732627
447162403
32871
4457491
4271119075
1049875
4120899823
5943
453453699
16074035
181732627
447162403
32871
2098451
4112511215
5943
453453699
16074035
181732627
447162403
32871
3147027
4104122607
5943
453453699
16074035
181732627
447162403
32871
4195603
4095733999
5943
453453699
16074035
181732627
447162403
32871
265291155
6071
453485827
163578095
33427
379491
347235
4154454255
362003
329107
4293920019
33950819
1050259
11958883
12605539
1447443
1480339
4273367779
12605539
1447443
1480339
4273367779
12605539
1447443
1480339
4273367779
1299
12969571
1496723
1463827
4261844707
12969571
1086686643
13985075
1496723
1463827
4261844707
12969571
1496723
1463827
4261844707
12969571
1086686643
13985075
1496723
1463827
4261844707
32871
361747
163943
29433987
25240579
21046403
33620243
32871
123
